{
  "RSpec": {
    "coverage": {
      "/Users/amhasler/Apps/page_one_api/app/models/user.rb": [
        1,
        1,
        null,
        null,
        1,
        null,
        1,
        0,
        0,
        null,
        null,
        null,
        1,
        null,
        1,
        0,
        0,
        0,
        null,
        null,
        null
      ],
      "/Users/amhasler/Apps/page_one_api/app/controllers/application_controller.rb": [
        null,
        1,
        1,
        null,
        1,
        null,
        1,
        null,
        1,
        0,
        0,
        0,
        null,
        0,
        0,
        null,
        null,
        null,
        null
      ],
      "/Users/amhasler/Apps/page_one_api/app/helpers/application_helper.rb": [
        1,
        null
      ],
      "/Users/amhasler/Apps/page_one_api/app/helpers/session_helper.rb": [
        1,
        null
      ],
      "/Users/amhasler/Apps/page_one_api/app/models/admin_user.rb": [
        1,
        null,
        null,
        1,
        null,
        null
      ],
      "/Users/amhasler/Apps/page_one_api/app/admin/admin_user.rb": [
        1,
        1,
        null,
        1,
        0,
        0,
        0,
        0,
        0,
        0,
        0,
        null,
        null,
        1,
        1,
        1,
        1,
        null,
        1,
        0,
        0,
        0,
        0,
        null,
        0,
        null,
        null,
        null
      ],
      "/Users/amhasler/Apps/page_one_api/app/admin/dashboard.rb": [
        1,
        null,
        1,
        null,
        1,
        0,
        0,
        0,
        0,
        null,
        null,
        null,
        null,
        null,
        null,
        null,
        null,
        null,
        null,
        null,
        null,
        null,
        null,
        null,
        null,
        null,
        null,
        null,
        null,
        null,
        null,
        null,
        null
      ],
      "/Users/amhasler/Apps/page_one_api/app/admin/tag.rb": [
        1,
        null,
        1,
        null,
        null
      ],
      "/Users/amhasler/Apps/page_one_api/app/admin/work.rb": [
        1,
        null,
        1,
        null,
        null
      ],
      "/Users/amhasler/Apps/page_one_api/app/models/work.rb": [
        1,
        1,
        null,
        null,
        1,
        1,
        1,
        null,
        null,
        1,
        1,
        null,
        1,
        null,
        null
      ],
      "/Users/amhasler/Apps/page_one_api/app/controllers/api/base.rb": [
        1,
        1,
        1,
        null,
        null
      ],
      "/Users/amhasler/Apps/page_one_api/app/controllers/api/v1/base.rb": [
        1,
        null,
        1,
        1,
        1,
        1,
        null,
        null,
        1,
        null,
        null,
        null,
        null,
        null,
        null,
        null,
        null
      ],
      "/Users/amhasler/Apps/page_one_api/app/controllers/api/v1/works.rb": [
        1,
        1,
        1,
        1,
        null,
        1,
        1,
        1,
        0,
        null,
        null,
        1,
        1,
        1,
        null,
        1,
        0,
        null,
        null,
        null,
        null,
        null
      ],
      "/Users/amhasler/Apps/page_one_api/app/controllers/api/v1/defaults.rb": [
        1,
        1,
        1,
        1,
        null,
        1,
        1,
        1,
        1,
        1,
        1,
        null,
        1,
        1,
        0,
        null,
        null,
        1,
        0,
        null,
        null,
        null,
        1,
        0,
        null,
        null,
        1,
        0,
        null,
        null,
        null,
        null,
        null
      ]
    },
    "timestamp": 1428095882
  }
}
